<?xml version="1.0" encoding="UTF-8"?>
<testsuite xmlns:xsi="http://www.w3.org/2001/XMLSchema-instance" xsi:noNamespaceSchemaLocation="https://maven.apache.org/surefire/maven-surefire-plugin/xsd/surefire-test-report-3.0.xsd" version="3.0" name="com.applydance.service.SelectionServiceTest" time="0.174" tests="35" errors="0" skipped="0" failures="0">
  <properties>
[...]
</properties>
  <testcase name="testRowSelectionWithToggle" classname="com.applydance.service.SelectionServiceTest" time="0.003"/>
  <testcase name="selectionCounterShouldEqualTotalWhenAllSelected" classname="com.applydance.service.SelectionServiceTest" time="0.005"/>
  <testcase name="selectionCounterShouldBeCorrect" classname="com.applydance.service.SelectionServiceTest" time="0.002"/>
  <testcase name="testManualSelectionPropertyBinding" classname="com.applydance.service.SelectionServiceTest" time="0.001"/>
  <testcase name="testManualSelectionWithListener" classname="com.applydance.service.SelectionServiceTest" time="0.002"/>
  <testcase name="deselectAllSlotsShouldUnmarkAllElements" classname="com.applydance.service.SelectionServiceTest" time="0.002"/>
  <testcase name="selectionCounterShouldBeZeroWhenNoSelection" classname="com.applydance.service.SelectionServiceTest" time="0.005"/>
  <testcase name="getSelectedSlotsShouldReturnAllSlotsWhenAllSelected" classname="com.applydance.service.SelectionServiceTest" time="0.004"/>
  <testcase name="individualSelectionShouldWork" classname="com.applydance.service.SelectionServiceTest" time="0.001"/>
  <testcase name="testManualSelectionOfMultipleSlots" classname="com.applydance.service.SelectionServiceTest" time="0.001"/>
  <testcase name="getSelectedSlotsShouldReturnOnlySelectedSlots" classname="com.applydance.service.SelectionServiceTest" time="0.001"/>
  <testcase name="testTransitionFromEmptyToTestData" classname="com.applydance.service.SelectionServiceTest" time="0.001"/>
  <testcase name="testManualSelectionWithValidation" classname="com.applydance.service.SelectionServiceTest" time="0.001"/>
  <testcase name="individualDeselectionShouldWork" classname="com.applydance.service.SelectionServiceTest" time="0.001"/>
  <testcase name="testTestDataAddition" classname="com.applydance.service.SelectionServiceTest" time="0.004"/>
  <testcase name="testEmptyListHandling" classname="com.applydance.service.SelectionServiceTest" time="0.004"/>
  <testcase name="testManualSelectionOfSingleSlot" classname="com.applydance.service.SelectionServiceTest" time="0.002"/>
  <testcase name="testSelectionRobustness" classname="com.applydance.service.SelectionServiceTest" time="0.002"/>
  <testcase name="testManualSelectionPropertyChange" classname="com.applydance.service.SelectionServiceTest" time="0.002"/>
  <testcase name="getSelectedSlotsShouldReturnEmptyListWhenNoSelection" classname="com.applydance.service.SelectionServiceTest" time="0.019"/>
  <testcase name="testManualDeselectionOfSingleSlot" classname="com.applydance.service.SelectionServiceTest" time="0.005"/>
  <testcase name="testTransitionFromEmptyToPopulatedTable" classname="com.applydance.service.SelectionServiceTest" time="0.004"/>
  <testcase name="selectedPropertyShouldBeObservable" classname="com.applydance.service.SelectionServiceTest" time="0.009"/>
  <testcase name="testDirectToggleSelection" classname="com.applydance.service.SelectionServiceTest" time="0.004"/>
  <testcase name="testEmptyTableSelectionHandling" classname="com.applydance.service.SelectionServiceTest" time="0.002"/>
  <testcase name="selectAllSlotsShouldMarkAllElements" classname="com.applydance.service.SelectionServiceTest" time="0.004"/>
  <testcase name="testDisabledTableHandling" classname="com.applydance.service.SelectionServiceTest" time="0.004"/>
  <testcase name="testManualSelectionMultipleWithCounting" classname="com.applydance.service.SelectionServiceTest" time="0.002"/>
  <testcase name="testRowSelectionWithCounter" classname="com.applydance.service.SelectionServiceTest" time="0.002"/>
  <testcase name="testSelectionErrorHandling" classname="com.applydance.service.SelectionServiceTest" time="0.001"/>
  <testcase name="testSelectionWithEmptyList" classname="com.applydance.service.SelectionServiceTest" time="0.004"/>
  <testcase name="testManualSelectionToggle" classname="com.applydance.service.SelectionServiceTest" time="0.001"/>
  <testcase name="testManualSelectionMixedState" classname="com.applydance.service.SelectionServiceTest" time="0.003"/>
  <testcase name="testMultipleToggleSelection" classname="com.applydance.service.SelectionServiceTest" time="0.002"/>
  <testcase name="testPartialManualSelection" classname="com.applydance.service.SelectionServiceTest" time="0.003"/>
</testsuite>